----------------------------------------------------------------
Mon Oct 05 21:41:57 AST 2020:
Booting Derby version The Apache Software Foundation - Apache Derby - 10.14.2.0 - (1828579): instance a816c00e-0174-fa11-fb71-000001cea180 
on database directory memory:/Users/khalidaljaghthami/Documents/Java Workspace/springboot-101/0f65f2e5-3d10-49ae-9305-7b67fab3bcb3 with class loader jdk.internal.loader.ClassLoaders$AppClassLoader@55054057 
Loaded from file:/Users/khalidaljaghthami/.m2/repository/org/apache/derby/derby/10.14.2.0/derby-10.14.2.0.jar
java.vendor=Oracle Corporation
java.runtime.version=12.0.1+12
user.dir=/Users/khalidaljaghthami/Documents/Java Workspace/springboot-101
os.name=Mac OS X
os.arch=x86_64
os.version=10.15.6
derby.system.home=null
Database Class Loader started - derby.database.classpath=''
----------------------------------------------------------------
Mon Oct 05 21:42:41 AST 2020:
Shutting down instance a816c00e-0174-fa11-fb71-000001cea180 on database directory memory:/Users/khalidaljaghthami/Documents/Java Workspace/springboot-101/0f65f2e5-3d10-49ae-9305-7b67fab3bcb3 with class loader jdk.internal.loader.ClassLoaders$AppClassLoader@55054057 
----------------------------------------------------------------
Mon Oct 05 21:42:42 AST 2020:
Booting Derby version The Apache Software Foundation - Apache Derby - 10.14.2.0 - (1828579): instance 176240b2-0174-fa11-fb71-000001cea180 
on database directory memory:/Users/khalidaljaghthami/Documents/Java Workspace/springboot-101/4317d090-42e6-4011-9cba-7967f852ce1b with class loader jdk.internal.loader.ClassLoaders$AppClassLoader@55054057 
Loaded from file:/Users/khalidaljaghthami/.m2/repository/org/apache/derby/derby/10.14.2.0/derby-10.14.2.0.jar
java.vendor=Oracle Corporation
java.runtime.version=12.0.1+12
user.dir=/Users/khalidaljaghthami/Documents/Java Workspace/springboot-101
os.name=Mac OS X
os.arch=x86_64
os.version=10.15.6
derby.system.home=null
Database Class Loader started - derby.database.classpath=''
----------------------------------------------------------------
Mon Oct 05 21:42:45 AST 2020:
Shutting down instance 176240b2-0174-fa11-fb71-000001cea180 on database directory memory:/Users/khalidaljaghthami/Documents/Java Workspace/springboot-101/4317d090-42e6-4011-9cba-7967f852ce1b with class loader jdk.internal.loader.ClassLoaders$AppClassLoader@55054057 
----------------------------------------------------------------
Mon Oct 05 21:42:46 AST 2020:
Booting Derby version The Apache Software Foundation - Apache Derby - 10.14.2.0 - (1828579): instance a0f1c156-0174-fa11-fb71-000001cea180 
on database directory memory:/Users/khalidaljaghthami/Documents/Java Workspace/springboot-101/fe3320b3-8cfc-4321-8f74-b45894bf5d11 with class loader jdk.internal.loader.ClassLoaders$AppClassLoader@55054057 
Loaded from file:/Users/khalidaljaghthami/.m2/repository/org/apache/derby/derby/10.14.2.0/derby-10.14.2.0.jar
java.vendor=Oracle Corporation
java.runtime.version=12.0.1+12
user.dir=/Users/khalidaljaghthami/Documents/Java Workspace/springboot-101
os.name=Mac OS X
os.arch=x86_64
os.version=10.15.6
derby.system.home=null
Database Class Loader started - derby.database.classpath=''
----------------------------------------------------------------
Mon Oct 05 21:43:22 AST 2020:
Shutting down instance a0f1c156-0174-fa11-fb71-000001cea180 on database directory memory:/Users/khalidaljaghthami/Documents/Java Workspace/springboot-101/fe3320b3-8cfc-4321-8f74-b45894bf5d11 with class loader jdk.internal.loader.ClassLoaders$AppClassLoader@55054057 
----------------------------------------------------------------
Mon Oct 05 21:43:23 AST 2020:
Booting Derby version The Apache Software Foundation - Apache Derby - 10.14.2.0 - (1828579): instance 44c541fa-0174-fa11-fb71-000001cea180 
on database directory memory:/Users/khalidaljaghthami/Documents/Java Workspace/springboot-101/ea5faa8a-4f49-4cf8-a80e-ee9350c2f2e4 with class loader jdk.internal.loader.ClassLoaders$AppClassLoader@55054057 
Loaded from file:/Users/khalidaljaghthami/.m2/repository/org/apache/derby/derby/10.14.2.0/derby-10.14.2.0.jar
java.vendor=Oracle Corporation
java.runtime.version=12.0.1+12
user.dir=/Users/khalidaljaghthami/Documents/Java Workspace/springboot-101
os.name=Mac OS X
os.arch=x86_64
os.version=10.15.6
derby.system.home=null
Database Class Loader started - derby.database.classpath=''
